2025-06-03 16:40:56,090 - urllib3.util.retry - DEBUG - Converted retries value: 1 -> Retry(total=1, connect=None, read=None, redirect=None, status=None)
2025-06-03 16:40:56,090 - urllib3.util.retry - DEBUG - Converted retries value: 1 -> Retry(total=1, connect=None, read=None, redirect=None, status=None)
2025-06-03 16:41:24,027 - urllib3.util.retry - DEBUG - Converted retries value: 1 -> Retry(total=1, connect=None, read=None, redirect=None, status=None)
2025-06-03 16:41:24,027 - urllib3.util.retry - DEBUG - Converted retries value: 1 -> Retry(total=1, connect=None, read=None, redirect=None, status=None)
2025-06-03 16:41:37,828 - urllib3.util.retry - DEBUG - Converted retries value: 1 -> Retry(total=1, connect=None, read=None, redirect=None, status=None)
2025-06-03 16:41:37,828 - urllib3.util.retry - DEBUG - Converted retries value: 1 -> Retry(total=1, connect=None, read=None, redirect=None, status=None)
2025-06-03 16:41:47,765 - urllib3.util.retry - DEBUG - Converted retries value: 1 -> Retry(total=1, connect=None, read=None, redirect=None, status=None)
2025-06-03 16:41:47,765 - urllib3.util.retry - DEBUG - Converted retries value: 1 -> Retry(total=1, connect=None, read=None, redirect=None, status=None)
2025-06-03 16:42:24,158 - urllib3.util.retry - DEBUG - Converted retries value: 1 -> Retry(total=1, connect=None, read=None, redirect=None, status=None)
2025-06-03 16:42:24,158 - urllib3.util.retry - DEBUG - Converted retries value: 1 -> Retry(total=1, connect=None, read=None, redirect=None, status=None)
2025-06-03 16:43:41,653 - urllib3.util.retry - DEBUG - Converted retries value: 1 -> Retry(total=1, connect=None, read=None, redirect=None, status=None)
2025-06-03 16:43:41,653 - urllib3.util.retry - DEBUG - Converted retries value: 1 -> Retry(total=1, connect=None, read=None, redirect=None, status=None)
2025-06-03 16:44:18,706 - keycloak_debug - DEBUG - REQUEST req_1748947458.706398: {
  "request_id": "req_1748947458.706398",
  "method": "GET",
  "url": "http://localhost:3001/api/auth/check",
  "headers": {
    "host": "localhost:3001",
    "connection": "keep-alive",
    "sec-ch-ua-platform": "\"Linux\"",
    "user-agent": "Mozilla/5.0 (X11; Linux x86_64) AppleWebKit/537.36 (KHTML, like Gecko) Chrome/137.0.0.0 Safari/537.36",
    "accept": "application/json, text/plain, */*",
    "sec-ch-ua": "\"Google Chrome\";v=\"137\", \"Chromium\";v=\"137\", \"Not/A)Brand\";v=\"24\"",
    "sec-ch-ua-mobile": "?0",
    "origin": "http://localhost:5173",
    "sec-fetch-site": "same-site",
    "sec-fetch-mode": "cors",
    "sec-fetch-dest": "empty",
    "referer": "http://localhost:5173/",
    "accept-encoding": "gzip, deflate, br, zstd",
    "accept-language": "en-US,en;q=0.9",
    "cookie": "[MASKED]"
  },
  "client": "127.0.0.1"
}
2025-06-03 16:44:18,708 - keycloak_debug - ERROR - Request req_1748947458.706398 failed with error: '_StreamingResponse' object has no attribute 'body'
2025-06-03 16:44:18,716 - keycloak_debug - DEBUG - REQUEST req_1748947458.7159839: {
  "request_id": "req_1748947458.7159839",
  "method": "GET",
  "url": "http://localhost:3001/api/auth/check",
  "headers": {
    "host": "localhost:3001",
    "connection": "keep-alive",
    "sec-ch-ua-platform": "\"Linux\"",
    "user-agent": "Mozilla/5.0 (X11; Linux x86_64) AppleWebKit/537.36 (KHTML, like Gecko) Chrome/137.0.0.0 Safari/537.36",
    "accept": "application/json, text/plain, */*",
    "sec-ch-ua": "\"Google Chrome\";v=\"137\", \"Chromium\";v=\"137\", \"Not/A)Brand\";v=\"24\"",
    "sec-ch-ua-mobile": "?0",
    "origin": "http://localhost:5173",
    "sec-fetch-site": "same-site",
    "sec-fetch-mode": "cors",
    "sec-fetch-dest": "empty",
    "referer": "http://localhost:5173/",
    "accept-encoding": "gzip, deflate, br, zstd",
    "accept-language": "en-US,en;q=0.9",
    "cookie": "[MASKED]"
  },
  "client": "127.0.0.1"
}
2025-06-03 16:44:18,718 - keycloak_debug - ERROR - Request req_1748947458.7159839 failed with error: '_StreamingResponse' object has no attribute 'body'
2025-06-03 16:45:25,791 - urllib3.util.retry - DEBUG - Converted retries value: 1 -> Retry(total=1, connect=None, read=None, redirect=None, status=None)
2025-06-03 16:45:25,791 - urllib3.util.retry - DEBUG - Converted retries value: 1 -> Retry(total=1, connect=None, read=None, redirect=None, status=None)
2025-06-03 16:45:44,197 - keycloak_debug - DEBUG - REQUEST req_1748947544.1974123: {
  "request_id": "req_1748947544.1974123",
  "method": "GET",
  "url": "http://localhost:3001/api/debug/keycloak",
  "headers": {
    "host": "localhost:3001",
    "user-agent": "curl/7.81.0",
    "accept": "*/*"
  },
  "client": "127.0.0.1"
}
2025-06-03 16:45:44,198 - keycloak_api - DEBUG - Testing Keycloak connection...
2025-06-03 16:45:44,200 - urllib3.connectionpool - DEBUG - Starting new HTTP connection (1): localhost:8080
2025-06-03 16:45:44,210 - urllib3.connectionpool - DEBUG - http://localhost:8080 "GET /auth/realms/myrealm/.well-known/openid-configuration HTTP/1.1" 404 58
2025-06-03 16:45:44,211 - keycloak_api - ERROR - Keycloak connection test failed: 404: b'{"error":"Unable to find matching target resource method"}'
2025-06-03 16:45:44,212 - keycloak_debug - DEBUG - RESPONSE req_1748947544.1974123: {
  "request_id": "req_1748947544.1974123",
  "status_code": 200,
  "process_time_ms": 14.04,
  "headers": {
    "content-length": "187",
    "content-type": "application/json"
  },
  "body": "[Streaming response - body not available]"
}
2025-06-03 16:47:56,315 - keycloak_debug - DEBUG - REQUEST req_1748947676.3157008: {
  "request_id": "req_1748947676.3157008",
  "method": "GET",
  "url": "http://localhost:3001/api/auth/check",
  "headers": {
    "host": "localhost:3001",
    "connection": "keep-alive",
    "sec-ch-ua-platform": "\"Linux\"",
    "user-agent": "Mozilla/5.0 (X11; Linux x86_64) AppleWebKit/537.36 (KHTML, like Gecko) Chrome/137.0.0.0 Safari/537.36",
    "accept": "application/json, text/plain, */*",
    "sec-ch-ua": "\"Google Chrome\";v=\"137\", \"Chromium\";v=\"137\", \"Not/A)Brand\";v=\"24\"",
    "sec-ch-ua-mobile": "?0",
    "origin": "http://localhost:5173",
    "sec-fetch-site": "same-site",
    "sec-fetch-mode": "cors",
    "sec-fetch-dest": "empty",
    "referer": "http://localhost:5173/",
    "accept-encoding": "gzip, deflate, br, zstd",
    "accept-language": "en-US,en;q=0.9",
    "cookie": "[MASKED]"
  },
  "client": "127.0.0.1"
}
2025-06-03 16:47:56,316 - keycloak_debug - DEBUG - RESPONSE req_1748947676.3157008: {
  "request_id": "req_1748947676.3157008",
  "status_code": 200,
  "process_time_ms": 0.58,
  "headers": {
    "content-length": "23",
    "content-type": "application/json",
    "access-control-allow-credentials": "true",
    "access-control-allow-origin": "http://localhost:5173",
    "vary": "Origin"
  },
  "body": "[Streaming response - body not available]"
}
2025-06-03 16:47:56,321 - keycloak_debug - DEBUG - REQUEST req_1748947676.321205: {
  "request_id": "req_1748947676.321205",
  "method": "GET",
  "url": "http://localhost:3001/api/auth/check",
  "headers": {
    "host": "localhost:3001",
    "connection": "keep-alive",
    "sec-ch-ua-platform": "\"Linux\"",
    "user-agent": "Mozilla/5.0 (X11; Linux x86_64) AppleWebKit/537.36 (KHTML, like Gecko) Chrome/137.0.0.0 Safari/537.36",
    "accept": "application/json, text/plain, */*",
    "sec-ch-ua": "\"Google Chrome\";v=\"137\", \"Chromium\";v=\"137\", \"Not/A)Brand\";v=\"24\"",
    "sec-ch-ua-mobile": "?0",
    "origin": "http://localhost:5173",
    "sec-fetch-site": "same-site",
    "sec-fetch-mode": "cors",
    "sec-fetch-dest": "empty",
    "referer": "http://localhost:5173/",
    "accept-encoding": "gzip, deflate, br, zstd",
    "accept-language": "en-US,en;q=0.9",
    "cookie": "[MASKED]"
  },
  "client": "127.0.0.1"
}
2025-06-03 16:47:56,322 - keycloak_debug - DEBUG - RESPONSE req_1748947676.321205: {
  "request_id": "req_1748947676.321205",
  "status_code": 200,
  "process_time_ms": 0.79,
  "headers": {
    "content-length": "23",
    "content-type": "application/json",
    "access-control-allow-credentials": "true",
    "access-control-allow-origin": "http://localhost:5173",
    "vary": "Origin"
  },
  "body": "[Streaming response - body not available]"
}
2025-06-03 16:48:15,980 - keycloak_debug - DEBUG - REQUEST req_1748947695.9800987: {
  "request_id": "req_1748947695.9800987",
  "method": "OPTIONS",
  "url": "http://localhost:3001/api/auth/register/direct",
  "headers": {
    "host": "localhost:3001",
    "connection": "keep-alive",
    "accept": "*/*",
    "access-control-request-method": "POST",
    "access-control-request-headers": "content-type",
    "origin": "http://localhost:5173",
    "user-agent": "Mozilla/5.0 (X11; Linux x86_64) AppleWebKit/537.36 (KHTML, like Gecko) Chrome/137.0.0.0 Safari/537.36",
    "sec-fetch-mode": "cors",
    "sec-fetch-site": "same-site",
    "sec-fetch-dest": "empty",
    "referer": "http://localhost:5173/",
    "accept-encoding": "gzip, deflate, br, zstd",
    "accept-language": "en-US,en;q=0.9"
  },
  "client": "127.0.0.1"
}
2025-06-03 16:48:15,981 - keycloak_debug - DEBUG - RESPONSE req_1748947695.9800987: {
  "request_id": "req_1748947695.9800987",
  "status_code": 200,
  "process_time_ms": 0.42,
  "headers": {
    "vary": "Origin",
    "access-control-allow-methods": "DELETE, GET, HEAD, OPTIONS, PATCH, POST, PUT",
    "access-control-max-age": "600",
    "access-control-allow-credentials": "true",
    "access-control-allow-origin": "http://localhost:5173",
    "access-control-allow-headers": "content-type",
    "content-length": "2",
    "content-type": "text/plain; charset=utf-8"
  },
  "body": "[Streaming response - body not available]"
}
2025-06-03 16:48:15,986 - keycloak_debug - DEBUG - REQUEST req_1748947695.9863942: {
  "request_id": "req_1748947695.9863942",
  "method": "POST",
  "url": "http://localhost:3001/api/auth/register/direct",
  "headers": {
    "host": "localhost:3001",
    "connection": "keep-alive",
    "content-length": "118",
    "sec-ch-ua-platform": "\"Linux\"",
    "user-agent": "Mozilla/5.0 (X11; Linux x86_64) AppleWebKit/537.36 (KHTML, like Gecko) Chrome/137.0.0.0 Safari/537.36",
    "accept": "application/json, text/plain, */*",
    "sec-ch-ua": "\"Google Chrome\";v=\"137\", \"Chromium\";v=\"137\", \"Not/A)Brand\";v=\"24\"",
    "content-type": "application/json",
    "sec-ch-ua-mobile": "?0",
    "origin": "http://localhost:5173",
    "sec-fetch-site": "same-site",
    "sec-fetch-mode": "cors",
    "sec-fetch-dest": "empty",
    "referer": "http://localhost:5173/",
    "accept-encoding": "gzip, deflate, br, zstd",
    "accept-language": "en-US,en;q=0.9",
    "cookie": "[MASKED]"
  },
  "client": "127.0.0.1",
  "body": {
    "username": "hasan2@gmail.com",
    "email": "hasan2@gmail.com",
    "firstName": "imam",
    "lastName": "hasan",
    "password": "[MASKED]"
  }
}
2025-06-03 17:29:24,288 - keycloak_debug - DEBUG - RESPONSE req_1748947695.9863942: {
  "request_id": "req_1748947695.9863942",
  "status_code": 400,
  "process_time_ms": 2468301.4,
  "headers": {
    "content-length": "48",
    "content-type": "application/json",
    "access-control-allow-credentials": "true",
    "access-control-allow-origin": "http://localhost:5173",
    "vary": "Origin"
  },
  "body": "[Streaming response - body not available]"
}
